<?xml version="1.0" encoding="UTF-8"?>
<!-- Generated by org.testng.reporters.JUnitReportReporter -->
<testsuite hostname="DESKTOP-L1VE2OJ" failures="0" tests="1" name="testScenarios.TestNGWindows" time="40.813" errors="0" timestamp="2022-11-10T21:31:32 IST" skipped="0">
  <testcase classname="testScenarios.TestNGWindows" name="lambdaTest" time="40.813"/>
  <system-out>
    <![CDATA[---------- Step 1 started -------------
---------- Step 1 ended -------------
---------- Step 2 started -------------
---------- Step 2 ended -------------
---------- Step 3 started -------------
---------- Step 3 ended -------------
---------- Step 4 started -------------
---------- Step 4 ended -------------
---------- Step 5 started -------------
---------- Step 5 ended -------------
---------- Step 6 started -------------
https://www.lambdatest.com/integrations
---------- Step 6 ended -------------
---------- Step 7 started -------------
---------- Step 7 ended -------------
---------- Step 8 started -------------
---------- Step 8 ended -------------
---------- Step 9 started -------------
Title in TestSenario Document wrong: 'TestingWhiz Integration | LambdaTest'
Actual Title: Step By Step Guide to Integrate Lambdatest With Katalon | LambdaTest
---------- Step 9 ended -------------
---------- Step 10 started -------------
---------- Step 10 ended -------------
---------- Step 11 started -------------
Current Window count: 1
---------- Step 11 ended -------------
---------- Step 12 started -------------
---------- Step 12 ended -------------
---------- Step 13 started -------------
Community URL verification result: true
---------- Step 13 ended -------------
---------- Step 14 -------------
---------- Tear Down -------------]]>
  </system-out>
</testsuite> <!-- testScenarios.TestNGWindows -->
