<?xml version="1.0" encoding="UTF-8"?>
<!-- Generated by org.testng.reporters.JUnitReportReporter -->
<testsuite hostname="DESKTOP-L1VE2OJ" failures="0" tests="1" name="testScenarios.TestNGMac" time="31.023" errors="0" timestamp="2022-11-10T21:10:18 IST" skipped="0">
  <testcase classname="testScenarios.TestNGMac" name="lambdaTest" time="31.023"/>
  <system-out>
    <![CDATA[---------- (Mac) Step 1 started -------------
---------- (Mac) Step 1 ended -------------
---------- (Mac) Step 2 started -------------
---------- (Mac) Step 2 ended -------------
---------- (Mac) Step 3 started -------------
---------- (Mac) Step 3 ended -------------
---------- (Mac) Step 4 started -------------
Url of 'SEE ALL INTEGRATION' Opening in new tab (MacOS Edge)
---------- (Mac) Step 4 ended -------------
---------- (Mac) Step 5 started -------------
---------- (Mac) Step 5 ended -------------
---------- (Mac) Step 6 started -------------
https://www.lambdatest.com/integrations
---------- (Mac) Step 6 ended -------------
---------- (Mac) Step 7 started -------------
---------- (Mac) Step 7 ended -------------
---------- (Mac) Step 8 started -------------
---------- (Mac) Step 8 ended -------------
---------- (Mac) Step 9 started -------------
Title in TestSenario Document wrong: 'TestingWhiz Integration | LambdaTest'
Actual Title: Step By Step Guide to Integrate Lambdatest With Katalon | LambdaTest
---------- (Mac) Step 9 ended -------------
---------- (Mac) Step 10 started -------------
---------- (Mac) Step 10 ended -------------
---------- (Mac) Step 11 started -------------
Current Window count: 1
---------- (Mac) Step 11 ended -------------
---------- (Mac) Step 12 started -------------
---------- (Mac) Step 12 ended -------------
---------- (Mac) Step 13 started -------------
Community URL verification result: true
---------- (Mac) Step 13 ended -------------
---------- (Mac) Step 14 -------------
---------- Tear Down -------------]]>
  </system-out>
</testsuite> <!-- testScenarios.TestNGMac -->
